#
# A fatal error has been detected by the Java Runtime Environment:
#
#  Internal Error (javaClasses.cpp:126), pid=6320, tid=6416
#  fatal error: Invalid layout of preloaded class
#
# JRE version:  (8.0_25-b18) (build )
# Java VM: Java HotSpot(TM) 64-Bit Server VM (25.25-b02 mixed mode windows-amd64 compressed oops)
# Failed to write core dump. Minidumps are not enabled by default on client versions of Windows
#
# If you would like to submit a bug report, please visit:
#   http://bugreport.sun.com/bugreport/crash.jsp
#

---------------  T H R E A D  ---------------

Current thread (0x0000000001d8d800):  JavaThread "Unknown thread" [_thread_in_vm, id=6416, stack(0x0000000001e30000,0x0000000001f30000)]

Stack: [0x0000000001e30000,0x0000000001f30000]
Native frames: (J=compiled Java code, j=interpreted, Vv=VM code, C=native code)
V  [jvm.dll+0x31667a]
V  [jvm.dll+0x267073]
V  [jvm.dll+0x267cb3]
V  [jvm.dll+0x25f536]
V  [jvm.dll+0x5e773]
V  [jvm.dll+0x5e863]
V  [jvm.dll+0x731ca]
V  [jvm.dll+0x73528]
V  [jvm.dll+0xe48b7]
V  [jvm.dll+0xe4c46]
V  [jvm.dll+0x1f9ae7]
V  [jvm.dll+0x22b2e4]
V  [jvm.dll+0x14d571]
C  [javaw.exe+0x20c6]
C  [javaw.exe+0xc9eb]
C  [javaw.exe+0xca7f]
C  [KERNEL32.DLL+0x16ad]
C  [ntdll.dll+0x54409]


---------------  P R O C E S S  ---------------

Java Threads: ( => current thread )

Other Threads:

=>0x0000000001d8d800 (exited) JavaThread "Unknown thread" [_thread_in_vm, id=6416, stack(0x0000000001e30000,0x0000000001f30000)]

VM state:not at safepoint (not fully initialized)

VM Mutex/Monitor currently owned by a thread: None

GC Heap History (0 events):
No events

Deoptimization events (0 events):
No events

Internal exceptions (0 events):
No events

Events (10 events):
Event: 0.017 loading class java/lang/CharSequence done
Event: 0.017 loading class java/lang/String done
Event: 0.017 loading class java/lang/Class
Event: 0.017 loading class java/lang/reflect/AnnotatedElement
Event: 0.017 loading class java/lang/reflect/AnnotatedElement done
Event: 0.017 loading class java/lang/reflect/GenericDeclaration
Event: 0.017 loading class java/lang/reflect/GenericDeclaration done
Event: 0.017 loading class java/lang/reflect/Type
Event: 0.017 loading class java/lang/reflect/Type done
Event: 0.018 loading class java/lang/Class done


Dynamic libraries:
0x00007ff6ecdf0000 - 0x00007ff6ece24000 	C:\Program Files\Java\jre1.8.0_25\bin\javaw.exe
0x00007ffcd56f0000 - 0x00007ffcd5896000 	C:\Windows\SYSTEM32\ntdll.dll
0x00007ffcd5500000 - 0x00007ffcd563a000 	C:\Windows\system32\KERNEL32.DLL
0x00007ffcd2b80000 - 0x00007ffcd2c8f000 	C:\Windows\system32\KERNELBASE.dll
0x00007ffcd1460000 - 0x00007ffcd14e8000 	C:\Windows\system32\apphelp.dll
0x00007ffcc85e0000 - 0x00007ffcc862f000 	C:\Windows\AppPatch\AppPatch64\AcGenral.DLL
0x00007ffcd52e0000 - 0x00007ffcd5387000 	C:\Windows\system32\msvcrt.dll
0x00007ffcd2910000 - 0x00007ffcd293b000 	C:\Windows\SYSTEM32\SspiCli.dll
0x00007ffcd2fb0000 - 0x00007ffcd3001000 	C:\Windows\system32\SHLWAPI.dll
0x00007ffcd50b0000 - 0x00007ffcd5221000 	C:\Windows\system32\USER32.dll
0x00007ffcd4900000 - 0x00007ffcd4a78000 	C:\Windows\system32\ole32.dll
0x00007ffcd31d0000 - 0x00007ffcd45df000 	C:\Windows\system32\SHELL32.dll
0x00007ffcd20d0000 - 0x00007ffcd20ee000 	C:\Windows\SYSTEM32\USERENV.dll
0x00007ffcd5230000 - 0x00007ffcd52d5000 	C:\Windows\system32\ADVAPI32.dll
0x00007ffcc1060000 - 0x00007ffcc107b000 	C:\Windows\SYSTEM32\MPR.dll
0x00007ffcd45e0000 - 0x00007ffcd4717000 	C:\Windows\system32\RPCRT4.dll
0x00007ffcd3010000 - 0x00007ffcd3067000 	C:\Windows\SYSTEM32\sechost.dll
0x00007ffcd4c20000 - 0x00007ffcd4df6000 	C:\Windows\SYSTEM32\combase.dll
0x00007ffcd3080000 - 0x00007ffcd31c4000 	C:\Windows\system32\GDI32.dll
0x00007ffcd2a60000 - 0x00007ffcd2a74000 	C:\Windows\SYSTEM32\profapi.dll
0x00007ffcd0e90000 - 0x00007ffcd0f2f000 	C:\Windows\SYSTEM32\SHCORE.dll
0x00007ffcd2f70000 - 0x00007ffcd2fa4000 	C:\Windows\system32\IMM32.DLL
0x00007ffcd4a80000 - 0x00007ffcd4bb9000 	C:\Windows\system32\MSCTF.dll
0x00007ffcd0420000 - 0x00007ffcd067a000 	C:\Windows\WinSxS\amd64_microsoft.windows.common-controls_6595b64144ccf1df_6.0.9600.17031_none_6242a4b3ecbb55a1\COMCTL32.dll
0x0000000058c50000 - 0x0000000058d22000 	C:\Program Files\Java\jre1.8.0_25\bin\msvcr100.dll
0x0000000058200000 - 0x0000000058a5a000 	C:\Program Files\Java\jre1.8.0_25\bin\server\jvm.dll
0x00007ffcc9ee0000 - 0x00007ffcc9ee9000 	C:\Windows\SYSTEM32\WSOCK32.dll
0x00007ffcce1a0000 - 0x00007ffcce1bf000 	C:\Windows\SYSTEM32\WINMM.dll
0x00007ffcd3070000 - 0x00007ffcd3077000 	C:\Windows\system32\PSAPI.DLL
0x00007ffcd4bc0000 - 0x00007ffcd4c18000 	C:\Windows\system32\WS2_32.dll
0x00007ffcce170000 - 0x00007ffcce19a000 	C:\Windows\SYSTEM32\WINMMBASE.dll
0x00007ffcd5650000 - 0x00007ffcd5659000 	C:\Windows\system32\NSI.dll
0x00007ffcd2f20000 - 0x00007ffcd2f6a000 	C:\Windows\SYSTEM32\cfgmgr32.dll
0x00007ffcd18c0000 - 0x00007ffcd18e6000 	C:\Windows\SYSTEM32\DEVOBJ.dll
0x00000000593c0000 - 0x00000000593cf000 	C:\Program Files\Java\jre1.8.0_25\bin\verify.dll
0x0000000059390000 - 0x00000000593b8000 	C:\Program Files\Java\jre1.8.0_25\bin\java.dll
0x0000000059370000 - 0x0000000059386000 	C:\Program Files\Java\jre1.8.0_25\bin\zip.dll
0x00007ffcd0680000 - 0x00007ffcd0808000 	C:\Windows\SYSTEM32\dbghelp.dll

VM Arguments:
jvm_args: -Dfile.encoding=Cp1252 -Xbootclasspath:C:\Users\Hector\Downloads\adt-bundle-windows-x86_64-20140702\sdk\platforms\android-21\android.jar 
java_command: org.eclipse.jdt.internal.junit.runner.RemoteTestRunner -version 3 -port 63535 -testLoaderClass org.eclipse.jdt.internal.junit4.runner.JUnit4TestLoader -loaderpluginname org.eclipse.jdt.junit4.runtime -classNames com.example.hector.p1p2.Test3
java_class_path (initial): C:\Users\Hector\icom4035project2\p1ph2\bin\classes;C:\Users\Hector\icom4035project2\p1ph2\libs\android-support-v4.jar;C:\Users\Hector\icom4035project2\appcompat_v7\libs\android-support-v7-appcompat.jar;C:\Users\Hector\icom4035project2\appcompat_v7\bin\appcompat_v7.jar;C:\Users\Hector\Downloads\apache-client\commons-codec-1.6.jar;C:\Users\Hector\Downloads\apache-client\commons-logging-1.1.3.jar;C:\Users\Hector\Downloads\apache-client\fluent-hc-4.3.5.jar;C:\Users\Hector\Downloads\apache-client\httpclient-4.3.5.jar;C:\Users\Hector\Downloads\apache-client\httpclient-cache-4.3.5.jar;C:\Users\Hector\Downloads\apache-client\httpcore-4.3.2.jar;C:\Users\Hector\Downloads\apache-client\httpmime-4.3.5.jar;C:\Users\Hector\Downloads\jackson\jackson-annotations-2.4.0.jar;C:\Users\Hector\Downloads\jackson\jackson-core-2.4.3.jar;C:\Users\Hector\Downloads\jackson\jackson-databind-2.4.3.jar;C:\Users\Hector\Downloads\eclipse\plugins\org.junit_4.11.0.v201303080030\junit.jar;C:\Users\Hector\Downloads\eclipse\plugins\org.hamcrest.core_1.3.0.v201303031735.jar;/C:/Users/Hector/Downloads/eclipse/configuration/org.eclipse.osgi/205/0/.cp/;/C:/Users/Hector/Downloads/eclipse/configuration/org.eclipse.osgi/204/0/.cp/
Launcher Type: SUN_STANDARD

Environment Variables:
JAVA_HOME=C:\Program Files\Java\jdk1.8.0_05
PATH=C:/Program Files/Java/jre1.8.0_25/bin/server;C:/Program Files/Java/jre1.8.0_25/bin;C:/Program Files/Java/jre1.8.0_25/lib/amd64;C:\Program Files\LLNL\VisIt 2.8.1;C:\ProgramData\Oracle\Java\javapath;C:\MinGW\bin\gcc.exe;C:\Program Files\TortoiseSVN\bin;C:\Program Files\Java\jdk1.8.0_05;C:\Users\Hector\Downloads\adt-bundle-windows-x86_64-20140321\adt-bundle-windows-x86_64-20140321\sdk\platform-tools;C:\Users\Hector\Downloads\adt-bundle-windows-x86_64-20140321\adt-bundle-windows-x86_64-20140321\sdk\tools;C:\Users\Hector\Desktop\apache-ant-1.9.4\bin;C:\Users\Hector\AppData\Roaming\npm;C:\Program Files\Intel\WiFi\bin\;C:\Program Files\Common Files\Intel\WirelessCommon\;C:\Users\Hector\activator-1.2.10-minimal;C:\Windows\System32;C:\Users\Hector\Downloads\eclipse;
USERNAME=Hector
OS=Windows_NT
PROCESSOR_IDENTIFIER=Intel64 Family 6 Model 69 Stepping 1, GenuineIntel



---------------  S Y S T E M  ---------------

OS: Windows 8.1 , 64 bit Build 9600 

CPU:total 4 (2 cores per cpu, 2 threads per core) family 6 model 69 stepping 1, cmov, cx8, fxsr, mmx, sse, sse2, sse3, ssse3, sse4.1, sse4.2, popcnt, avx, avx2, aes, clmul, erms, lzcnt, ht, tsc, tscinvbit, bmi1, bmi2

Memory: 4k page, physical 8302956k(3559176k free), swap 16691564k(10542504k free)

vm_info: Java HotSpot(TM) 64-Bit Server VM (25.25-b02) for windows-amd64 JRE (1.8.0_25-b18), built on Oct  7 2014 14:25:37 by "java_re" with MS VC++ 10.0 (VS2010)

time: Mon Nov 24 23:12:49 2014
elapsed time: 0 seconds (0d 0h 0m 0s)

